{"C:\\Users\\JoséManuelCornelio\\Desktop\\course projects\\react\\03-gifs-app\\src\\GifsApp.tsx": {"path":"C:\\Users\\JoséManuelCornelio\\Desktop\\course projects\\react\\03-gifs-app\\src\\GifsApp.tsx","statementMap":{"0":{"start":{"line":7,"column":23},"end":{"line":38,"column":null}},"1":{"start":{"line":14,"column":5},"end":{"line":14,"column":null}}},"fnMap":{"0":{"name":"(anonymous_0)","decl":{"start":{"line":7,"column":23},"end":{"line":7,"column":null}},"loc":{"start":{"line":7,"column":23},"end":{"line":38,"column":null}},"line":7}},"branchMap":{},"s":{"0":1,"1":1},"f":{"0":1},"b":{},"meta":{"lastBranch":0,"lastFunction":1,"lastStatement":2,"seen":{"s:7:23:38:Infinity":0,"f:7:23:7:Infinity":0,"s:14:5:14:Infinity":1}}}
,"C:\\Users\\JoséManuelCornelio\\Desktop\\course projects\\react\\03-gifs-app\\src\\gifs\\actions\\get-gifs-by-query.action.ts": {"path":"C:\\Users\\JoséManuelCornelio\\Desktop\\course projects\\react\\03-gifs-app\\src\\gifs\\actions\\get-gifs-by-query.action.ts","statementMap":{"0":{"start":{"line":6,"column":30},"end":{"line":28,"column":null}},"1":{"start":{"line":7,"column":4},"end":{"line":7,"column":null}},"2":{"start":{"line":7,"column":35},"end":{"line":7,"column":null}},"3":{"start":{"line":8,"column":4},"end":{"line":27,"column":null}},"4":{"start":{"line":9,"column":25},"end":{"line":15,"column":null}},"5":{"start":{"line":17,"column":8},"end":{"line":23,"column":null}},"6":{"start":{"line":17,"column":48},"end":{"line":23,"column":null}},"7":{"start":{"line":25,"column":8},"end":{"line":25,"column":null}},"8":{"start":{"line":26,"column":8},"end":{"line":26,"column":null}}},"fnMap":{"0":{"name":"(anonymous_0)","decl":{"start":{"line":6,"column":30},"end":{"line":6,"column":37}},"loc":{"start":{"line":6,"column":37},"end":{"line":28,"column":null}},"line":6},"1":{"name":"(anonymous_1)","decl":{"start":{"line":17,"column":38},"end":{"line":17,"column":39}},"loc":{"start":{"line":17,"column":48},"end":{"line":23,"column":null}},"line":17}},"branchMap":{"0":{"loc":{"start":{"line":7,"column":4},"end":{"line":7,"column":null}},"type":"if","locations":[{"start":{"line":7,"column":4},"end":{"line":7,"column":null}},{"start":{},"end":{}}],"line":7}},"s":{"0":3,"1":6,"2":1,"3":5,"4":5,"5":4,"6":40,"7":1,"8":1},"f":{"0":6,"1":40},"b":{"0":[1,5]},"meta":{"lastBranch":1,"lastFunction":2,"lastStatement":9,"seen":{"s:6:30:28:Infinity":0,"f:6:30:6:37":0,"b:7:4:7:Infinity:undefined:undefined:undefined:undefined":0,"s:7:4:7:Infinity":1,"s:7:35:7:Infinity":2,"s:8:4:27:Infinity":3,"s:9:25:15:Infinity":4,"s:17:8:23:Infinity":5,"f:17:38:17:39":1,"s:17:48:23:Infinity":6,"s:25:8:25:Infinity":7,"s:26:8:26:Infinity":8}}}
,"C:\\Users\\JoséManuelCornelio\\Desktop\\course projects\\react\\03-gifs-app\\src\\gifs\\api\\giphy.api.ts": {"path":"C:\\Users\\JoséManuelCornelio\\Desktop\\course projects\\react\\03-gifs-app\\src\\gifs\\api\\giphy.api.ts","statementMap":{"0":{"start":{"line":3,"column":23},"end":{"line":9,"column":null}}},"fnMap":{},"branchMap":{},"s":{"0":4},"f":{},"b":{},"meta":{"lastBranch":0,"lastFunction":0,"lastStatement":1,"seen":{"s:3:23:9:Infinity":0}}}
,"C:\\Users\\JoséManuelCornelio\\Desktop\\course projects\\react\\03-gifs-app\\src\\gifs\\components\\GiftsList.tsx": {"path":"C:\\Users\\JoséManuelCornelio\\Desktop\\course projects\\react\\03-gifs-app\\src\\gifs\\components\\GiftsList.tsx","statementMap":{"0":{"start":{"line":7,"column":25},"end":{"line":23,"column":null}}},"fnMap":{"0":{"name":"(anonymous_0)","decl":{"start":{"line":7,"column":25},"end":{"line":7,"column":26}},"loc":{"start":{"line":7,"column":43},"end":{"line":23,"column":null}},"line":7}},"branchMap":{},"s":{"0":1},"f":{"0":1},"b":{},"meta":{"lastBranch":0,"lastFunction":1,"lastStatement":1,"seen":{"s:7:25:23:Infinity":0,"f:7:25:7:26":0}}}
,"C:\\Users\\JoséManuelCornelio\\Desktop\\course projects\\react\\03-gifs-app\\src\\gifs\\components\\PreviousSearches.tsx": {"path":"C:\\Users\\JoséManuelCornelio\\Desktop\\course projects\\react\\03-gifs-app\\src\\gifs\\components\\PreviousSearches.tsx","statementMap":{"0":{"start":{"line":5,"column":32},"end":{"line":18,"column":null}},"1":{"start":{"line":12,"column":55},"end":{"line":12,"column":79}}},"fnMap":{"0":{"name":"(anonymous_0)","decl":{"start":{"line":5,"column":32},"end":{"line":5,"column":33}},"loc":{"start":{"line":5,"column":64},"end":{"line":18,"column":null}},"line":5},"1":{"name":"(anonymous_1)","decl":{"start":{"line":12,"column":49},"end":{"line":12,"column":55}},"loc":{"start":{"line":12,"column":55},"end":{"line":12,"column":79}},"line":12}},"branchMap":{},"s":{"0":1,"1":0},"f":{"0":1,"1":0},"b":{},"meta":{"lastBranch":0,"lastFunction":2,"lastStatement":2,"seen":{"s:5:32:18:Infinity":0,"f:5:32:5:33":0,"f:12:49:12:55":1,"s:12:55:12:79":1}}}
,"C:\\Users\\JoséManuelCornelio\\Desktop\\course projects\\react\\03-gifs-app\\src\\gifs\\hooks\\useGifs.tsx": {"path":"C:\\Users\\JoséManuelCornelio\\Desktop\\course projects\\react\\03-gifs-app\\src\\gifs\\hooks\\useGifs.tsx","statementMap":{"0":{"start":{"line":5,"column":23},"end":{"line":47,"column":null}},"1":{"start":{"line":7,"column":25},"end":{"line":7,"column":null}},"2":{"start":{"line":8,"column":55},"end":{"line":8,"column":null}},"3":{"start":{"line":9,"column":10},"end":{"line":9,"column":null}},"4":{"start":{"line":12,"column":37},"end":{"line":20,"column":null}},"5":{"start":{"line":13,"column":8},"end":{"line":16,"column":null}},"6":{"start":{"line":14,"column":12},"end":{"line":14,"column":null}},"7":{"start":{"line":15,"column":12},"end":{"line":15,"column":null}},"8":{"start":{"line":17,"column":21},"end":{"line":17,"column":null}},"9":{"start":{"line":18,"column":8},"end":{"line":18,"column":null}},"10":{"start":{"line":19,"column":8},"end":{"line":19,"column":null}},"11":{"start":{"line":22,"column":25},"end":{"line":37,"column":null}},"12":{"start":{"line":23,"column":8},"end":{"line":23,"column":null}},"13":{"start":{"line":23,"column":32},"end":{"line":23,"column":null}},"14":{"start":{"line":24,"column":8},"end":{"line":24,"column":null}},"15":{"start":{"line":26,"column":8},"end":{"line":29,"column":null}},"16":{"start":{"line":27,"column":12},"end":{"line":27,"column":null}},"17":{"start":{"line":28,"column":12},"end":{"line":28,"column":null}},"18":{"start":{"line":31,"column":8},"end":{"line":31,"column":null}},"19":{"start":{"line":31,"column":55},"end":{"line":31,"column":null}},"20":{"start":{"line":32,"column":21},"end":{"line":32,"column":null}},"21":{"start":{"line":33,"column":8},"end":{"line":33,"column":null}},"22":{"start":{"line":36,"column":8},"end":{"line":36,"column":null}},"23":{"start":{"line":39,"column":4},"end":{"line":46,"column":null}}},"fnMap":{"0":{"name":"(anonymous_0)","decl":{"start":{"line":5,"column":23},"end":{"line":5,"column":null}},"loc":{"start":{"line":5,"column":23},"end":{"line":47,"column":null}},"line":5},"1":{"name":"(anonymous_1)","decl":{"start":{"line":12,"column":37},"end":{"line":12,"column":44}},"loc":{"start":{"line":12,"column":44},"end":{"line":20,"column":null}},"line":12},"2":{"name":"(anonymous_2)","decl":{"start":{"line":22,"column":25},"end":{"line":22,"column":32}},"loc":{"start":{"line":22,"column":50},"end":{"line":37,"column":null}},"line":22},"3":{"name":"(anonymous_3)","decl":{"start":{"line":31,"column":32},"end":{"line":31,"column":55}},"loc":{"start":{"line":31,"column":55},"end":{"line":31,"column":null}},"line":31}},"branchMap":{"0":{"loc":{"start":{"line":13,"column":8},"end":{"line":16,"column":null}},"type":"if","locations":[{"start":{"line":13,"column":8},"end":{"line":16,"column":null}},{"start":{},"end":{}}],"line":13},"1":{"loc":{"start":{"line":22,"column":32},"end":{"line":22,"column":50}},"type":"default-arg","locations":[{"start":{"line":22,"column":48},"end":{"line":22,"column":50}}],"line":22},"2":{"loc":{"start":{"line":23,"column":8},"end":{"line":23,"column":null}},"type":"if","locations":[{"start":{"line":23,"column":8},"end":{"line":23,"column":null}},{"start":{},"end":{}}],"line":23},"3":{"loc":{"start":{"line":26,"column":8},"end":{"line":29,"column":null}},"type":"if","locations":[{"start":{"line":26,"column":8},"end":{"line":29,"column":null}},{"start":{},"end":{}}],"line":26}},"s":{"0":2,"1":11,"2":11,"3":11,"4":11,"5":3,"6":1,"7":1,"8":2,"9":2,"10":2,"11":11,"12":11,"13":0,"14":11,"15":11,"16":0,"17":0,"18":11,"19":11,"20":11,"21":11,"22":11,"23":11},"f":{"0":11,"1":3,"2":11,"3":11},"b":{"0":[1,2],"1":[11],"2":[0,11],"3":[0,11]},"meta":{"lastBranch":4,"lastFunction":4,"lastStatement":24,"seen":{"s:5:23:47:Infinity":0,"f:5:23:5:Infinity":0,"s:7:25:7:Infinity":1,"s:8:55:8:Infinity":2,"s:9:10:9:Infinity":3,"s:12:37:20:Infinity":4,"f:12:37:12:44":1,"b:13:8:16:Infinity:undefined:undefined:undefined:undefined":0,"s:13:8:16:Infinity":5,"s:14:12:14:Infinity":6,"s:15:12:15:Infinity":7,"s:17:21:17:Infinity":8,"s:18:8:18:Infinity":9,"s:19:8:19:Infinity":10,"s:22:25:37:Infinity":11,"f:22:25:22:32":2,"b:22:48:22:50":1,"b:23:8:23:Infinity:undefined:undefined:undefined:undefined":2,"s:23:8:23:Infinity":12,"s:23:32:23:Infinity":13,"s:24:8:24:Infinity":14,"b:26:8:29:Infinity:undefined:undefined:undefined:undefined":3,"s:26:8:29:Infinity":15,"s:27:12:27:Infinity":16,"s:28:12:28:Infinity":17,"s:31:8:31:Infinity":18,"f:31:32:31:55":3,"s:31:55:31:Infinity":19,"s:32:21:32:Infinity":20,"s:33:8:33:Infinity":21,"s:36:8:36:Infinity":22,"s:39:4:46:Infinity":23}}}
,"C:\\Users\\JoséManuelCornelio\\Desktop\\course projects\\react\\03-gifs-app\\src\\shared\\componets\\CustomHeader.tsx": {"path":"C:\\Users\\JoséManuelCornelio\\Desktop\\course projects\\react\\03-gifs-app\\src\\shared\\componets\\CustomHeader.tsx","statementMap":{"0":{"start":{"line":5,"column":28},"end":{"line":14,"column":null}}},"fnMap":{"0":{"name":"(anonymous_0)","decl":{"start":{"line":5,"column":28},"end":{"line":5,"column":29}},"loc":{"start":{"line":5,"column":58},"end":{"line":14,"column":null}},"line":5}},"branchMap":{},"s":{"0":2},"f":{"0":4},"b":{},"meta":{"lastBranch":0,"lastFunction":1,"lastStatement":1,"seen":{"s:5:28:14:Infinity":0,"f:5:28:5:29":0}}}
,"C:\\Users\\JoséManuelCornelio\\Desktop\\course projects\\react\\03-gifs-app\\src\\shared\\componets\\SearchBar.tsx": {"path":"C:\\Users\\JoséManuelCornelio\\Desktop\\course projects\\react\\03-gifs-app\\src\\shared\\componets\\SearchBar.tsx","statementMap":{"0":{"start":{"line":8,"column":25},"end":{"line":45,"column":null}},"1":{"start":{"line":9,"column":27},"end":{"line":9,"column":null}},"2":{"start":{"line":11,"column":4},"end":{"line":19,"column":null}},"3":{"start":{"line":12,"column":28},"end":{"line":14,"column":null}},"4":{"start":{"line":13,"column":8},"end":{"line":13,"column":null}},"5":{"start":{"line":16,"column":6},"end":{"line":18,"column":null}},"6":{"start":{"line":17,"column":8},"end":{"line":17,"column":null}},"7":{"start":{"line":22,"column":25},"end":{"line":25,"column":null}},"8":{"start":{"line":23,"column":8},"end":{"line":23,"column":null}},"9":{"start":{"line":26,"column":26},"end":{"line":31,"column":null}},"10":{"start":{"line":27,"column":8},"end":{"line":30,"column":null}},"11":{"start":{"line":28,"column":12},"end":{"line":28,"column":null}},"12":{"start":{"line":39,"column":37},"end":{"line":39,"column":null}}},"fnMap":{"0":{"name":"(anonymous_0)","decl":{"start":{"line":8,"column":25},"end":{"line":8,"column":26}},"loc":{"start":{"line":8,"column":90},"end":{"line":45,"column":null}},"line":8},"1":{"name":"(anonymous_1)","decl":{"start":{"line":11,"column":14},"end":{"line":11,"column":null}},"loc":{"start":{"line":11,"column":14},"end":{"line":19,"column":7}},"line":11},"2":{"name":"(anonymous_2)","decl":{"start":{"line":12,"column":39},"end":{"line":12,"column":null}},"loc":{"start":{"line":12,"column":39},"end":{"line":14,"column":9}},"line":12},"3":{"name":"(anonymous_3)","decl":{"start":{"line":16,"column":13},"end":{"line":16,"column":null}},"loc":{"start":{"line":16,"column":13},"end":{"line":18,"column":null}},"line":16},"4":{"name":"(anonymous_4)","decl":{"start":{"line":22,"column":25},"end":{"line":22,"column":null}},"loc":{"start":{"line":22,"column":25},"end":{"line":25,"column":null}},"line":22},"5":{"name":"(anonymous_5)","decl":{"start":{"line":26,"column":26},"end":{"line":26,"column":27}},"loc":{"start":{"line":26,"column":27},"end":{"line":31,"column":null}},"line":26},"6":{"name":"(anonymous_6)","decl":{"start":{"line":39,"column":26},"end":{"line":39,"column":27}},"loc":{"start":{"line":39,"column":37},"end":{"line":39,"column":null}},"line":39}},"branchMap":{"0":{"loc":{"start":{"line":8,"column":28},"end":{"line":8,"column":53}},"type":"default-arg","locations":[{"start":{"line":8,"column":42},"end":{"line":8,"column":53}}],"line":8},"1":{"loc":{"start":{"line":8,"column":55},"end":{"line":8,"column":72}},"type":"default-arg","locations":[{"start":{"line":8,"column":64},"end":{"line":8,"column":72}}],"line":8},"2":{"loc":{"start":{"line":27,"column":8},"end":{"line":30,"column":null}},"type":"if","locations":[{"start":{"line":27,"column":8},"end":{"line":30,"column":null}},{"start":{},"end":{}}],"line":27}},"s":{"0":2,"1":4,"2":4,"3":4,"4":1,"5":4,"6":4,"7":4,"8":0,"9":4,"10":0,"11":0,"12":1},"f":{"0":4,"1":4,"2":1,"3":4,"4":0,"5":0,"6":1},"b":{"0":[4],"1":[4],"2":[0,0]},"meta":{"lastBranch":3,"lastFunction":7,"lastStatement":13,"seen":{"s:8:25:45:Infinity":0,"f:8:25:8:26":0,"b:8:42:8:53":0,"b:8:64:8:72":1,"s:9:27:9:Infinity":1,"s:11:4:19:Infinity":2,"f:11:14:11:Infinity":1,"s:12:28:14:Infinity":3,"f:12:39:12:Infinity":2,"s:13:8:13:Infinity":4,"s:16:6:18:Infinity":5,"f:16:13:16:Infinity":3,"s:17:8:17:Infinity":6,"s:22:25:25:Infinity":7,"f:22:25:22:Infinity":4,"s:23:8:23:Infinity":8,"s:26:26:31:Infinity":9,"f:26:26:26:27":5,"b:27:8:30:Infinity:undefined:undefined:undefined:undefined":2,"s:27:8:30:Infinity":10,"s:28:12:28:Infinity":11,"f:39:26:39:27":6,"s:39:37:39:Infinity":12}}}
,"C:\\Users\\JoséManuelCornelio\\Desktop\\course projects\\react\\03-gifs-app\\tests\\mocks\\giphy.response.data.ts": {"path":"C:\\Users\\JoséManuelCornelio\\Desktop\\course projects\\react\\03-gifs-app\\tests\\mocks\\giphy.response.data.ts","statementMap":{"0":{"start":{"line":1,"column":39},"end":{"line":1125,"column":null}}},"fnMap":{},"branchMap":{},"s":{"0":1},"f":{},"b":{},"meta":{"lastBranch":0,"lastFunction":0,"lastStatement":1,"seen":{"s:1:39:1125:Infinity":0}}}
}
